<?xml version="1.0" encoding="UTF-8"?>
<testsuite name="Test" tests="1" skipped="0" failures="0" errors="0" timestamp="2025-04-17T18:22:54" hostname="Masons-MacBook-Air.local" time="0.024">
  <properties/>
  <testcase name="testSolution()" classname="Test" time="0.024"/>
  <system-out><![CDATA[]]></system-out>
  <system-err><![CDATA[]]></system-err>
</testsuite>
